Build started 08-02-2016 14:50:29.
     1>Project "C:\Users\Niels\Documents\uni ting\P10\programmer\CUDA 2D matrixmultiplikation Algoritme\CUDA 2D matrixmultiplikation Algoritme\CUDA 2D matrixmultiplikation Algoritme.vcxproj" on node 2 (Build target(s)).
     1>AddCudaCompileDeps:
         C:\Program Files (x86)\Microsoft Visual Studio 12.0\VC\bin\cl.exe /E /nologo /showIncludes /TP /D__CUDACC__ /DWIN32 /D_DEBUG /D_CONSOLE /D_MBCS /I"C:\Program Files\NVIDIA GPU Computing Toolkit\CUDA\v7.5\include" /I"C:\Program Files\NVIDIA GPU Computing Toolkit\CUDA\v7.5\bin" /I"C:\Program Files\NVIDIA GPU Computing Toolkit\CUDA\v7.5\include" /I. /FIcuda_runtime.h /c "C:\Users\Niels\Documents\uni ting\P10\programmer\CUDA 2D matrixmultiplikation Algoritme\CUDA 2D matrixmultiplikation Algoritme\kernel.cu" 
       CudaBuild:
         Compiling CUDA source file kernel.cu...
         cmd.exe /C "C:\Users\Niels\AppData\Local\Temp\tmp9b32ac05eaaf443e963c3d914d732edb.cmd"
         "C:\Program Files\NVIDIA GPU Computing Toolkit\CUDA\v7.5\bin\nvcc.exe" -gencode=arch=compute_20,code=\"sm_20,compute_20\" --use-local-env --cl-version 2013 -ccbin "C:\Program Files (x86)\Microsoft Visual Studio 12.0\VC\bin"  -I"C:\Program Files\NVIDIA GPU Computing Toolkit\CUDA\v7.5\include" -I"C:\Program Files\NVIDIA GPU Computing Toolkit\CUDA\v7.5\include"  -G   --keep-dir Debug -maxrregcount=0  --machine 32 --compile -cudart static  -g   -DWIN32 -D_DEBUG -D_CONSOLE -D_MBCS -Xcompiler "/EHsc /W3 /nologo /Od /Zi /RTC1 /MDd " -o Debug\kernel.cu.obj "C:\Users\Niels\Documents\uni ting\P10\programmer\CUDA 2D matrixmultiplikation Algoritme\CUDA 2D matrixmultiplikation Algoritme\kernel.cu"
         
         C:\Users\Niels\Documents\uni ting\P10\programmer\CUDA 2D matrixmultiplikation Algoritme\CUDA 2D matrixmultiplikation Algoritme>"C:\Program Files\NVIDIA GPU Computing Toolkit\CUDA\v7.5\bin\nvcc.exe" -gencode=arch=compute_20,code=\"sm_20,compute_20\" --use-local-env --cl-version 2013 -ccbin "C:\Program Files (x86)\Microsoft Visual Studio 12.0\VC\bin"  -I"C:\Program Files\NVIDIA GPU Computing Toolkit\CUDA\v7.5\include" -I"C:\Program Files\NVIDIA GPU Computing Toolkit\CUDA\v7.5\include"  -G   --keep-dir Debug -maxrregcount=0  --machine 32 --compile -cudart static  -g   -DWIN32 -D_DEBUG -D_CONSOLE -D_MBCS -Xcompiler "/EHsc /W3 /nologo /Od /Zi /RTC1 /MDd " -o Debug\kernel.cu.obj "C:\Users\Niels\Documents\uni ting\P10\programmer\CUDA 2D matrixmultiplikation Algoritme\CUDA 2D matrixmultiplikation Algoritme\kernel.cu" 
     1>C:/Users/Niels/Documents/uni ting/P10/programmer/CUDA 2D matrixmultiplikation Algoritme/CUDA 2D matrixmultiplikation Algoritme/kernel.cu(53): warning : statement is unreachable
     1>C:/Users/Niels/Documents/uni ting/P10/programmer/CUDA 2D matrixmultiplikation Algoritme/CUDA 2D matrixmultiplikation Algoritme/kernel.cu(19): warning : variable "i" was declared but never referenced
     1>C:/Users/Niels/Documents/uni ting/P10/programmer/CUDA 2D matrixmultiplikation Algoritme/CUDA 2D matrixmultiplikation Algoritme/kernel.cu(19): warning : variable "x" was declared but never referenced
     1>C:/Users/Niels/Documents/uni ting/P10/programmer/CUDA 2D matrixmultiplikation Algoritme/CUDA 2D matrixmultiplikation Algoritme/kernel.cu(19): warning : variable "y" was declared but never referenced
     1>C:/Users/Niels/Documents/uni ting/P10/programmer/CUDA 2D matrixmultiplikation Algoritme/CUDA 2D matrixmultiplikation Algoritme/kernel.cu(19): warning : variable "z" was declared but never referenced
     1>C:/Users/Niels/Documents/uni ting/P10/programmer/CUDA 2D matrixmultiplikation Algoritme/CUDA 2D matrixmultiplikation Algoritme/kernel.cu(50): warning : variable "STOP" was declared but never referenced
     1>C:/Users/Niels/Documents/uni ting/P10/programmer/CUDA 2D matrixmultiplikation Algoritme/CUDA 2D matrixmultiplikation Algoritme/kernel.cu(53): warning : statement is unreachable
     1>C:/Users/Niels/Documents/uni ting/P10/programmer/CUDA 2D matrixmultiplikation Algoritme/CUDA 2D matrixmultiplikation Algoritme/kernel.cu(19): warning : variable "i" was declared but never referenced
     1>C:/Users/Niels/Documents/uni ting/P10/programmer/CUDA 2D matrixmultiplikation Algoritme/CUDA 2D matrixmultiplikation Algoritme/kernel.cu(19): warning : variable "x" was declared but never referenced
     1>C:/Users/Niels/Documents/uni ting/P10/programmer/CUDA 2D matrixmultiplikation Algoritme/CUDA 2D matrixmultiplikation Algoritme/kernel.cu(19): warning : variable "y" was declared but never referenced
     1>C:/Users/Niels/Documents/uni ting/P10/programmer/CUDA 2D matrixmultiplikation Algoritme/CUDA 2D matrixmultiplikation Algoritme/kernel.cu(19): warning : variable "z" was declared but never referenced
     1>C:/Users/Niels/Documents/uni ting/P10/programmer/CUDA 2D matrixmultiplikation Algoritme/CUDA 2D matrixmultiplikation Algoritme/kernel.cu(50): warning : variable "STOP" was declared but never referenced
         kernel.cu
     1>C:/Users/Niels/Documents/uni ting/P10/programmer/CUDA 2D matrixmultiplikation Algoritme/CUDA 2D matrixmultiplikation Algoritme/kernel.cu(19): warning C4101: 'y' : unreferenced local variable
     1>C:/Users/Niels/Documents/uni ting/P10/programmer/CUDA 2D matrixmultiplikation Algoritme/CUDA 2D matrixmultiplikation Algoritme/kernel.cu(19): warning C4101: 'x' : unreferenced local variable
     1>C:/Users/Niels/Documents/uni ting/P10/programmer/CUDA 2D matrixmultiplikation Algoritme/CUDA 2D matrixmultiplikation Algoritme/kernel.cu(19): warning C4101: 'i' : unreferenced local variable
     1>C:/Users/Niels/Documents/uni ting/P10/programmer/CUDA 2D matrixmultiplikation Algoritme/CUDA 2D matrixmultiplikation Algoritme/kernel.cu(19): warning C4101: 'z' : unreferenced local variable
       Link:
         C:\Program Files (x86)\Microsoft Visual Studio 12.0\VC\bin\link.exe /ERRORREPORT:PROMPT /OUT:"C:\Users\Niels\Documents\uni ting\P10\programmer\CUDA 2D matrixmultiplikation Algoritme\Debug\CUDA 2D matrixmultiplikation Algoritme.exe" /INCREMENTAL /NOLOGO /LIBPATH:"C:\Program Files\NVIDIA GPU Computing Toolkit\CUDA\v7.5\lib\Win32" cudart.lib kernel32.lib user32.lib gdi32.lib winspool.lib comdlg32.lib advapi32.lib shell32.lib ole32.lib oleaut32.lib uuid.lib odbc32.lib odbccp32.lib kernel32.lib user32.lib gdi32.lib winspool.lib comdlg32.lib advapi32.lib shell32.lib ole32.lib oleaut32.lib uuid.lib odbc32.lib odbccp32.lib /MANIFEST /MANIFESTUAC:"level='asInvoker' uiAccess='false'" /manifest:embed /DEBUG /PDB:"C:\Users\Niels\Documents\uni ting\P10\programmer\CUDA 2D matrixmultiplikation Algoritme\Debug\CUDA 2D matrixmultiplikation Algoritme.pdb" /SUBSYSTEM:CONSOLE /TLBID:1 /DYNAMICBASE /NXCOMPAT /IMPLIB:"C:\Users\Niels\Documents\uni ting\P10\programmer\CUDA 2D matrixmultiplikation Algoritme\Debug\CUDA 2D matrixmultiplikation Algoritme.lib" /MACHINE:X86 Debug\kernel.cu.obj
         CUDA 2D matrixmultiplikation Algoritme.vcxproj -> C:\Users\Niels\Documents\uni ting\P10\programmer\CUDA 2D matrixmultiplikation Algoritme\Debug\CUDA 2D matrixmultiplikation Algoritme.exe
       PostBuildEvent:
         echo copy "C:\Program Files\NVIDIA GPU Computing Toolkit\CUDA\v7.5\bin\cudart*.dll" "C:\Users\Niels\Documents\uni ting\P10\programmer\CUDA 2D matrixmultiplikation Algoritme\Debug\"
         copy "C:\Program Files\NVIDIA GPU Computing Toolkit\CUDA\v7.5\bin\cudart*.dll" "C:\Users\Niels\Documents\uni ting\P10\programmer\CUDA 2D matrixmultiplikation Algoritme\Debug\"
         :VCEnd
         copy "C:\Program Files\NVIDIA GPU Computing Toolkit\CUDA\v7.5\bin\cudart*.dll" "C:\Users\Niels\Documents\uni ting\P10\programmer\CUDA 2D matrixmultiplikation Algoritme\Debug\"
         C:\Program Files\NVIDIA GPU Computing Toolkit\CUDA\v7.5\bin\cudart32_75.dll
         C:\Program Files\NVIDIA GPU Computing Toolkit\CUDA\v7.5\bin\cudart64_75.dll
                 2 file(s) copied.
     1>Done Building Project "C:\Users\Niels\Documents\uni ting\P10\programmer\CUDA 2D matrixmultiplikation Algoritme\CUDA 2D matrixmultiplikation Algoritme\CUDA 2D matrixmultiplikation Algoritme.vcxproj" (Build target(s)).

Build succeeded.

Time Elapsed 00:00:04.34
