c:\users\niels\documents\uni ting\p10\programmer\amp in c sharp\debug\ampcode.lib
c:\users\niels\documents\uni ting\p10\programmer\amp in c sharp\debug\ampcode.exp
c:\users\niels\documents\uni ting\p10\programmer\amp in c sharp\ampcode\debug\ampcode.pch
c:\users\niels\documents\uni ting\p10\programmer\amp in c sharp\ampcode\debug\vc120.pdb
c:\users\niels\documents\uni ting\p10\programmer\amp in c sharp\ampcode\debug\vc120.idb
c:\users\niels\documents\uni ting\p10\programmer\amp in c sharp\ampcode\debug\stdafx.obj
c:\users\niels\documents\uni ting\p10\programmer\amp in c sharp\ampcode\debug\ampcode.obj
c:\users\niels\documents\uni ting\p10\programmer\amp in c sharp\ampcode\debug\dllmain.obj
c:\users\niels\documents\uni ting\p10\programmer\amp in c sharp\debug\ampcode.ilk
c:\users\niels\documents\uni ting\p10\programmer\amp in c sharp\debug\ampcode.dll
c:\users\niels\documents\uni ting\p10\programmer\amp in c sharp\debug\ampcode.pdb
c:\users\niels\documents\uni ting\p10\programmer\amp in c sharp\ampcode\debug\ampcode.tlog\ampcode.write.1u.tlog
c:\users\niels\documents\uni ting\p10\programmer\amp in c sharp\ampcode\debug\ampcode.tlog\cl.command.1.tlog
c:\users\niels\documents\uni ting\p10\programmer\amp in c sharp\ampcode\debug\ampcode.tlog\cl.read.1.tlog
c:\users\niels\documents\uni ting\p10\programmer\amp in c sharp\ampcode\debug\ampcode.tlog\cl.read.2.tlog
c:\users\niels\documents\uni ting\p10\programmer\amp in c sharp\ampcode\debug\ampcode.tlog\cl.read.3.tlog
c:\users\niels\documents\uni ting\p10\programmer\amp in c sharp\ampcode\debug\ampcode.tlog\cl.write.1.tlog
c:\users\niels\documents\uni ting\p10\programmer\amp in c sharp\ampcode\debug\ampcode.tlog\cl.write.2.tlog
c:\users\niels\documents\uni ting\p10\programmer\amp in c sharp\ampcode\debug\ampcode.tlog\cl.write.3.tlog
c:\users\niels\documents\uni ting\p10\programmer\amp in c sharp\ampcode\debug\ampcode.tlog\link.command.1.tlog
c:\users\niels\documents\uni ting\p10\programmer\amp in c sharp\ampcode\debug\ampcode.tlog\link.read.1.tlog
c:\users\niels\documents\uni ting\p10\programmer\amp in c sharp\ampcode\debug\ampcode.tlog\link.write.1.tlog
